<?xml version="1.0" encoding="UTF-8"?>
<testng-results ignored="0" total="1" passed="1" failed="0" skipped="0">
  <reporter-output>
  </reporter-output>
  <suite started-at="2020-05-25T20:13:08Z" name="Surefire suite" finished-at="2020-05-25T20:14:29Z" duration-ms="80912">
    <groups>
      <group name="cucumber">
        <method signature="AbstractTestNGCucumberTests.runScenario(io.cucumber.testng.PickleEventWrapper, io.cucumber.testng.CucumberFeatureWrapper)[pri:0, instance:runner.TestRunner@544a2ea6]" name="runScenario" class="io.cucumber.testng.AbstractTestNGCucumberTests"/>
      </group> <!-- cucumber -->
    </groups>
    <test started-at="2020-05-25T20:13:08Z" name="Surefire test" finished-at="2020-05-25T20:14:29Z" duration-ms="80912">
      <class name="runner.TestRunner">
        <test-method is-config="true" signature="setUpClass()[pri:0, instance:runner.TestRunner@544a2ea6]" started-at="2020-05-25T20:13:08Z" name="setUpClass" finished-at="2020-05-25T20:13:08Z" duration-ms="205" status="PASS">
          <reporter-output>
          </reporter-output>
        </test-method> <!-- setUpClass -->
        <test-method signature="runScenario(io.cucumber.testng.PickleEventWrapper, io.cucumber.testng.CucumberFeatureWrapper)[pri:0, instance:runner.TestRunner@544a2ea6]" started-at="2020-05-25T20:13:08Z" name="runScenario" description="Runs Cucumber Scenarios" data-provider="scenarios" finished-at="2020-05-25T20:14:29Z" duration-ms="80498" status="PASS">
          <params>
            <param index="0">
              <value>
                <![CDATA["Creating new account signup on BNS webpage"]]>
              </value>
            </param>
            <param index="1">
              <value>
                <![CDATA["BNS signup form fillup functionality"]]>
              </value>
            </param>
          </params>
          <reporter-output>
          </reporter-output>
        </test-method> <!-- runScenario -->
        <test-method is-config="true" signature="tearDownClass()[pri:0, instance:runner.TestRunner@544a2ea6]" started-at="2020-05-25T20:14:29Z" name="tearDownClass" finished-at="2020-05-25T20:14:29Z" duration-ms="155" status="PASS">
          <reporter-output>
          </reporter-output>
        </test-method> <!-- tearDownClass -->
      </class> <!-- runner.TestRunner -->
    </test> <!-- Surefire test -->
  </suite> <!-- Surefire suite -->
</testng-results>
